"C:\Program Files\JetBrains\CLion 2021.3.3\bin\cmake\win\bin\cmake.exe" -DCMAKE_BUILD_TYPE=Debug -G "CodeBlocks - MinGW Makefiles" "D:\virtual learning\C++\مجتمع فنی تهران\FINAL PROJECT\RadmanMohammadi CPP Project"
-- The C compiler identification is GNU 11.2.0
-- The CXX compiler identification is GNU 11.2.0
-- Detecting C compiler ABI info
-- Detecting C compiler ABI info - failed
-- Check for working C compiler: C:/Program Files/JetBrains/CLion 2021.3.3/bin/mingw/bin/gcc.exe
-- Check for working C compiler: C:/Program Files/JetBrains/CLion 2021.3.3/bin/mingw/bin/gcc.exe - broken
CMake Error at C:/Program Files/JetBrains/CLion 2021.3.3/bin/cmake/win/share/cmake-3.21/Modules/CMakeTestCCompiler.cmake:69 (message):
  The C compiler

    "C:/Program Files/JetBrains/CLion 2021.3.3/bin/mingw/bin/gcc.exe"

  is not able to compile a simple test program.

  It fails with the following output:

    Change Dir: D:/virtual learning/C++/مجتمع فنی تهران/FINAL PROJECT/RadmanMohammadi CPP Project/cmake-build-debug/CMakeFiles/CMakeTmp
    
    Run Build Command(s):C:/PROGRA~1/JETBRA~1/CLION2~1.3/bin/mingw/bin/mingw32-make.exe -f Makefile cmTC_84a68/fast && C:/PROGRA~1/JETBRA~1/CLION2~1.3/bin/mingw/bin/mingw32-make.exe  -f CMakeFiles\cmTC_84a68.dir\build.make CMakeFiles/cmTC_84a68.dir/build
    mingw32-make[1]: Entering directory 'D:/virtual learning/C++/????? ??? ?????/FINAL PROJECT/RadmanMohammadi CPP Project/cmake-build-debug/CMakeFiles/CMakeTmp'
    Building C object CMakeFiles/cmTC_84a68.dir/testCCompiler.c.obj
    C:\PROGRA~1\JETBRA~1\CLION2~1.3\bin\mingw\bin\gcc.exe    -o CMakeFiles\cmTC_84a68.dir\testCCompiler.c.obj -c "D:\virtual learning\C++\┘à╪¼╪¬┘à╪╣ ┘ü┘å█î ╪¬┘ç╪▒╪º┘å\FINAL PROJECT\RadmanMohammadi CPP Project\cmake-build-debug\CMakeFiles\CMakeTmp\testCCompiler.c"
    cc1.exe: fatal error: D:\virtual learning\C++\┘à╪¼╪¬┘à╪╣ ┘ü┘å█î ╪¬┘ç╪▒╪º┘å\FINAL PROJECT\RadmanMohammadi CPP Project\cmake-build-debug\CMakeFiles\CMakeTmp\testCCompiler.c: No such file or directory
    compilation terminated.
    mingw32-make[1]: *** [CMakeFiles\cmTC_84a68.dir\build.make:77: CMakeFiles/cmTC_84a68.dir/testCCompiler.c.obj] Error 1
    mingw32-make[1]: Leaving directory 'D:/virtual learning/C++/????? ??? ?????/FINAL PROJECT/RadmanMohammadi CPP Project/cmake-build-debug/CMakeFiles/CMakeTmp'
    mingw32-make: *** [Makefile:126: cmTC_84a68/fast] Error 2
    
    

  

  CMake will not be able to correctly generate this project.
Call Stack (most recent call first):
  CMakeLists.txt:2 (project)


-- Configuring incomplete, errors occurred!
See also "D:/virtual learning/C++/مجتمع فنی تهران/FINAL PROJECT/RadmanMohammadi CPP Project/cmake-build-debug/CMakeFiles/CMakeOutput.log".
See also "D:/virtual learning/C++/مجتمع فنی تهران/FINAL PROJECT/RadmanMohammadi CPP Project/cmake-build-debug/CMakeFiles/CMakeError.log".
